[2025-10-25 12:07:02] API START BACKUP CALLED
[2025-10-25 12:07:02] Input: Array
(
    [action] => start
    [config_id] => 6
)

[2025-10-25 12:07:02] Executing backup for config ID: 6
[2025-10-25 12:09:45] API START BACKUP CALLED
[2025-10-25 12:09:45] Input: Array
(
    [action] => start
    [config_id] => 6
)

[2025-10-25 12:09:45] Executing backup for config ID: 6
[2025-10-25 12:24:36] API START BACKUP CALLED
[2025-10-25 12:24:36] Input: Array
(
    [action] => start
    [config_id] => 7
)

[2025-10-25 12:24:36] Executing backup for config ID: 7
[2025-10-25 12:29:35] API START BACKUP CALLED
[2025-10-25 12:29:35] Input: Array
(
    [action] => start
    [config_id] => 7
)

[2025-10-25 12:29:35] Executing backup for config ID: 7
[2025-10-25 12:34:48] API START BACKUP CALLED
[2025-10-25 12:34:48] Input: Array
(
    [action] => start
    [config_id] => 7
)

[2025-10-25 12:34:48] Executing backup for config ID: 7
[2025-10-25 12:35:32] API START BACKUP CALLED
[2025-10-25 12:35:32] Input: Array
(
    [action] => start
    [config_id] => 7
)

[2025-10-25 12:35:32] Executing backup for config ID: 7
[2025-10-25 12:36:55] API START BACKUP CALLED
[2025-10-25 12:36:55] Input: Array
(
    [action] => start
    [config_id] => 7
)

[2025-10-25 12:36:55] Executing backup for config ID: 7
[2025-10-25 12:39:01] API START BACKUP CALLED
[2025-10-25 12:39:01] Input: Array
(
    [action] => start
    [config_id] => 7
)

[2025-10-25 12:39:01] Executing backup for config ID: 7
[2025-10-25 12:43:43] API START BACKUP CALLED
[2025-10-25 12:43:43] Input: Array
(
    [action] => start
    [config_id] => 7
)

[2025-10-25 12:43:43] Executing backup for config ID: 7
[2025-10-25 12:46:56] API START BACKUP CALLED
[2025-10-25 12:46:56] Input: Array
(
    [action] => start
    [config_id] => 7
)

[2025-10-25 12:46:56] Executing backup for config ID: 7
[2025-10-25 12:49:56] API START BACKUP CALLED
[2025-10-25 12:49:56] Input: Array
(
    [action] => start
    [config_id] => 7
)

[2025-10-25 12:49:56] Executing backup for config ID: 7
[2025-10-25 12:54:24] API START BACKUP CALLED
[2025-10-25 12:54:24] Input: Array
(
    [action] => start
    [config_id] => 7
)

[2025-10-25 12:54:24] Executing backup for config ID: 7
[2025-10-25 12:59:41] API START BACKUP CALLED
[2025-10-25 12:59:41] Input: Array
(
    [action] => start
    [config_id] => 7
)

[2025-10-25 12:59:41] Executing backup for config ID: 7
